0 info it worked if it ends with ok
1 verbose cli [ 'C:\\Program Files\\nodejs\\\\node.exe',
1 verbose cli   'C:\\Program Files\\nodejs\\node_modules\\npm\\bin\\npm-cli.js',
1 verbose cli   'install' ]
2 info using npm@1.1.65
3 info using node@v0.8.14
4 verbose node symlink C:\Program Files\nodejs\\node.exe
5 verbose read json C:\xampp\htdocs\PRCO303\prototypes\node-upnp\package.json
6 error install Couldn't read dependencies
7 error Error: Invalid name: "node upnp"
7 error     at validName (C:\Program Files\nodejs\node_modules\npm\node_modules\read-package-json\read-json.js:518:40)
7 error     at final (C:\Program Files\nodejs\node_modules\npm\node_modules\read-package-json\read-json.js:295:27)
7 error     at C:\Program Files\nodejs\node_modules\npm\node_modules\read-package-json\read-json.js:119:33
7 error     at cb (C:\Program Files\nodejs\node_modules\npm\node_modules\slide\lib\async-map.js:48:11)
7 error     at C:\Program Files\nodejs\node_modules\npm\node_modules\read-package-json\read-json.js:237:59
7 error     at Glob.<anonymous> (C:\Program Files\nodejs\node_modules\npm\node_modules\glob\glob.js:91:7)
7 error     at Glob.EventEmitter.emit (events.js:96:17)
7 error     at Glob._processEmitQueue (C:\Program Files\nodejs\node_modules\npm\node_modules\glob\glob.js:272:10)
7 error     at Glob.emitMatch (C:\Program Files\nodejs\node_modules\npm\node_modules\glob\glob.js:257:8)
7 error     at Glob._finish (C:\Program Files\nodejs\node_modules\npm\node_modules\glob\glob.js:219:8)
8 error If you need help, you may report this log at:
8 error     <http://github.com/isaacs/npm/issues>
8 error or email it to:
8 error     <npm-@googlegroups.com>
9 error System Windows_NT 6.1.7600
10 error command "C:\\Program Files\\nodejs\\\\node.exe" "C:\\Program Files\\nodejs\\node_modules\\npm\\bin\\npm-cli.js" "install"
11 error cwd C:\xampp\htdocs\PRCO303\prototypes\node-upnp
12 error node -v v0.8.14
13 error npm -v 1.1.65
14 verbose exit [ 1, true ]
